Assembler report for top
Sat Aug 20 08:19:27 2016
Quartus Prime Version 15.1.0 Build 185 10/21/2015 SJ Lite Edition


---------------------
; Table of Contents ;
---------------------
  1. Legal Notice
  2. Assembler Summary
  3. Assembler Settings
  4. Assembler Encrypted IP Cores Summary
  5. Assembler Generated Files
  6. Assembler Device Options: D:/yoshiaki/devel/quartus_workspace/cdecv_with_monitor/output_files/top.sof
  7. Assembler Device Options: D:/yoshiaki/devel/quartus_workspace/cdecv_with_monitor/output_files/top.pof
  8. Assembler Messages



----------------
; Legal Notice ;
----------------
Copyright (C) 1991-2015 Altera Corporation. All rights reserved.
Your use of Altera Corporation's design tools, logic functions 
and other software and tools, and its AMPP partner logic 
functions, and any output files from any of the foregoing 
(including device programming or simulation files), and any 
associated documentation or information are expressly subject 
to the terms and conditions of the Altera Program License 
Subscription Agreement, the Altera Quartus Prime License Agreement,
the Altera MegaCore Function License Agreement, or other 
applicable license agreement, including, without limitation, 
that your use is for the sole purpose of programming logic 
devices manufactured by Altera and sold by Altera or its 
authorized distributors.  Please refer to the applicable 
agreement for further details.



+---------------------------------------------------------------+
; Assembler Summary                                             ;
+-----------------------+---------------------------------------+
; Assembler Status      ; Successful - Sat Aug 20 08:19:27 2016 ;
; Revision Name         ; top                                   ;
; Top-level Entity Name ; top                                   ;
; Family                ; Cyclone V                             ;
; Device                ; 5CEBA4F23C7                           ;
+-----------------------+---------------------------------------+


+--------------------------------------------------------------------------------------------------------+
; Assembler Settings                                                                                     ;
+-----------------------------------------------------------------------------+----------+---------------+
; Option                                                                      ; Setting  ; Default Value ;
+-----------------------------------------------------------------------------+----------+---------------+
; Use smart compilation                                                       ; Off      ; Off           ;
; Configuration device                                                        ; Epcs64   ; Auto          ;
; Enable parallel Assembler and TimeQuest Timing Analyzer during compilation  ; On       ; On            ;
; Enable compact report table                                                 ; Off      ; Off           ;
; Generate compressed bitstreams                                              ; On       ; On            ;
; Compression mode                                                            ; Off      ; Off           ;
; Clock source for configuration device                                       ; Internal ; Internal      ;
; Clock frequency of the configuration device                                 ; 10 MHZ   ; 10 MHz        ;
; Divide clock frequency by                                                   ; 1        ; 1             ;
; Auto user code                                                              ; On       ; On            ;
; Configuration device auto user code                                         ; Off      ; Off           ;
; Generate Tabular Text File (.ttf) For Target Device                         ; Off      ; Off           ;
; Generate Raw Binary File (.rbf) For Target Device                           ; Off      ; Off           ;
; Generate Hexadecimal (Intel-Format) Output File (.hexout) for Target Device ; Off      ; Off           ;
; Hexadecimal Output File start address                                       ; 0        ; 0             ;
; Hexadecimal Output File count direction                                     ; Up       ; Up            ;
; Release clears before tri-states                                            ; Off      ; Off           ;
; Auto-restart configuration after error                                      ; On       ; On            ;
; Enable OCT_DONE                                                             ; Off      ; Off           ;
; Use Checkered Pattern as Uninitialized RAM Content                          ; Off      ; Off           ;
; Enable autonomous PCIe HIP mode                                             ; Off      ; Off           ;
; Generate Serial Vector Format File (.svf) for Target Device                 ; Off      ; Off           ;
; Generate a JEDEC STAPL Format File (.jam) for Target Device                 ; Off      ; Off           ;
; Generate a compressed Jam STAPL Byte Code 2.0 File (.jbc) for Target Device ; Off      ; Off           ;
; Generate a compressed Jam STAPL Byte Code 2.0 File (.jbc) for Target Device ; On       ; On            ;
+-----------------------------------------------------------------------------+----------+---------------+


+------------------------------------------------+
; Assembler Encrypted IP Cores Summary           ;
+--------+------------------------+--------------+
; Vendor ; IP Core Name           ; License Type ;
+--------+------------------------+--------------+
; Altera ; Signal Tap (6AF7 BCE1) ; Licensed     ;
; Altera ; Signal Tap (6AF7 BCEC) ; Licensed     ;
+--------+------------------------+--------------+


+-----------------------------------------------------------------------------+
; Assembler Generated Files                                                   ;
+-----------------------------------------------------------------------------+
; File Name                                                                   ;
+-----------------------------------------------------------------------------+
; D:/yoshiaki/devel/quartus_workspace/cdecv_with_monitor/output_files/top.sof ;
; D:/yoshiaki/devel/quartus_workspace/cdecv_with_monitor/output_files/top.pof ;
+-----------------------------------------------------------------------------+


+-------------------------------------------------------------------------------------------------------+
; Assembler Device Options: D:/yoshiaki/devel/quartus_workspace/cdecv_with_monitor/output_files/top.sof ;
+----------------+--------------------------------------------------------------------------------------+
; Option         ; Setting                                                                              ;
+----------------+--------------------------------------------------------------------------------------+
; Device         ; 5CEBA4F23C7                                                                          ;
; JTAG usercode  ; 0x00BD1D7F                                                                           ;
; Checksum       ; 0x00BD1D7F                                                                           ;
+----------------+--------------------------------------------------------------------------------------+


+-------------------------------------------------------------------------------------------------------+
; Assembler Device Options: D:/yoshiaki/devel/quartus_workspace/cdecv_with_monitor/output_files/top.pof ;
+--------------------+----------------------------------------------------------------------------------+
; Option             ; Setting                                                                          ;
+--------------------+----------------------------------------------------------------------------------+
; Device             ; EPCS64                                                                           ;
; JTAG usercode      ; 0x00000000                                                                       ;
; Checksum           ; 0x742738F1                                                                       ;
; Compression Ratio  ; 3                                                                                ;
+--------------------+----------------------------------------------------------------------------------+


+--------------------+
; Assembler Messages ;
+--------------------+
Info: *******************************************************************
Info: Running Quartus Prime Assembler
    Info: Version 15.1.0 Build 185 10/21/2015 SJ Lite Edition
    Info: Processing started: Sat Aug 20 08:19:18 2016
Info: Command: quartus_asm --read_settings_files=on --write_settings_files=off cdecv_with_monitor -c top
Info (115030): Assembler is generating device programming files
Info: Quartus Prime Assembler was successful. 0 errors, 0 warnings
    Info: Peak virtual memory: 877 megabytes
    Info: Processing ended: Sat Aug 20 08:19:27 2016
    Info: Elapsed time: 00:00:09
    Info: Total CPU time (on all processors): 00:00:08


